::1 -  [02/Dec/2024:15:50:01 +0000]  "POST /authPath/login HTTP/1.1" 404 20 "undefined" "PostmanRuntime/7.43.0"
::1 -  [02/Dec/2024:15:50:30 +0000]  "POST /auth/login HTTP/1.1" 404 20 "undefined" "PostmanRuntime/7.43.0"
::1 -  [02/Dec/2024:15:50:42 +0000]  "POST /auth/login HTTP/1.1" 404 20 "undefined" "PostmanRuntime/7.43.0"
::1 -  [02/Dec/2024:15:51:06 +0000]  "POST /auth/login HTTP/1.1" 404 20 "undefined" "PostmanRuntime/7.43.0"
::1 -  [02/Dec/2024:15:51:25 +0000]  "POST /api/v1/auth/login HTTP/1.1" 500 38 "undefined" "PostmanRuntime/7.43.0"
::1 -  [02/Dec/2024:15:51:44 +0000]  "POST /api/v1/auth/login HTTP/1.1" 200 50 "undefined" "PostmanRuntime/7.43.0"
::1 -  [02/Dec/2024:15:52:12 +0000]  "GET /api/v1/auth/logout HTTP/1.1" 401 32 "undefined" "PostmanRuntime/7.43.0"
::1 -  [02/Dec/2024:16:18:59 +0000]  "POST /api/v1/auth/login HTTP/1.1" 200 114 "undefined" "PostmanRuntime/7.43.0"
::1 -  [02/Dec/2024:16:19:09 +0000]  "POST /api/v1/auth/login HTTP/1.1" 401 29 "undefined" "PostmanRuntime/7.43.0"
::1 -  [02/Dec/2024:16:19:13 +0000]  "POST /api/v1/auth/login HTTP/1.1" 200 114 "undefined" "PostmanRuntime/7.43.0"
::1 -  [02/Dec/2024:16:22:57 +0000]  "GET /api/v1/auth/logout HTTP/1.1" 401 32 "undefined" "PostmanRuntime/7.43.0"
::1 -  [02/Dec/2024:16:24:15 +0000]  "GET /api/v1/auth/logout HTTP/1.1" 401 32 "undefined" "PostmanRuntime/7.43.0"
::1 -  [02/Dec/2024:16:24:40 +0000]  "GET /api/v1/auth/logout HTTP/1.1" 401 32 "undefined" "PostmanRuntime/7.43.0"
::1 -  [02/Dec/2024:16:25:01 +0000] User: {"username":"admin","userId":"674ddb448291af6851633737","role":"admin"} "GET /api/v1/auth/logout HTTP/1.1" 200 51 "undefined" "PostmanRuntime/7.43.0"
::1 -  [02/Dec/2024:16:27:09 +0000] User: {"username":"admin","userId":"674ddb448291af6851633737","role":"admin"} "GET /api/v1/auth/logout HTTP/1.1" 200 51 "undefined" "PostmanRuntime/7.43.0"
::1 -  [02/Dec/2024:16:30:58 +0000] User: {"username":"admin","userId":"674ddb448291af6851633737","role":"admin"} "GET /api/v1/auth/logout HTTP/1.1" 200 51 "undefined" "PostmanRuntime/7.43.0"
::1 -  [02/Dec/2024:16:31:16 +0000]  "GET /api/v1/auth/logout HTTP/1.1" 401 32 "undefined" "PostmanRuntime/7.43.0"
::1 -  [02/Dec/2024:16:32:53 +0000]  "POST /api/v1/auth/login HTTP/1.1" 200 114 "undefined" "PostmanRuntime/7.43.0"
::1 -  [02/Dec/2024:16:33:04 +0000] User: {"username":"admin","userId":"674ddb448291af6851633737","role":"admin"} "GET /api/v1/auth/logout HTTP/1.1" 200 51 "undefined" "PostmanRuntime/7.43.0"
::1 -  [02/Dec/2024:16:33:30 +0000]  "GET /api/v1/auth/logout HTTP/1.1" 401 32 "undefined" "PostmanRuntime/7.43.0"
::1 -  [02/Dec/2024:16:34:01 +0000] User: {"username":"admin","userId":"674ddb448291af6851633737","role":"admin"} "GET /api/v1/auth/logout HTTP/1.1" 200 51 "undefined" "PostmanRuntime/7.43.0"
::1 -  [02/Dec/2024:16:34:29 +0000] User: {"username":"admin","userId":"674ddb448291af6851633737","role":"admin"} "GET /api/v1/auth/logout HTTP/1.1" 200 51 "undefined" "PostmanRuntime/7.43.0"
::1 -  [02/Dec/2024:16:35:01 +0000] User: {"username":"admin","userId":"674ddb448291af6851633737","role":"admin"} "GET /api/v1/auth/logout HTTP/1.1" 200 51 "undefined" "PostmanRuntime/7.43.0"
::1 -  [02/Dec/2024:16:35:06 +0000] User: {"username":"admin","userId":"674ddb448291af6851633737","role":"admin"} "GET /api/v1/auth/logout HTTP/1.1" 200 51 "undefined" "PostmanRuntime/7.43.0"
::1 -  [02/Dec/2024:16:35:08 +0000] User: {"username":"admin","userId":"674ddb448291af6851633737","role":"admin"} "GET /api/v1/auth/logout HTTP/1.1" 200 51 "undefined" "PostmanRuntime/7.43.0"
::1 -  [02/Dec/2024:16:35:08 +0000] User: {"username":"admin","userId":"674ddb448291af6851633737","role":"admin"} "GET /api/v1/auth/logout HTTP/1.1" 200 51 "undefined" "PostmanRuntime/7.43.0"
::1 -  [02/Dec/2024:16:35:09 +0000] User: {"username":"admin","userId":"674ddb448291af6851633737","role":"admin"} "GET /api/v1/auth/logout HTTP/1.1" 200 51 "undefined" "PostmanRuntime/7.43.0"
::1 -  [02/Dec/2024:16:35:59 +0000] User: {"username":"admin","userId":"674ddb448291af6851633737","role":"admin"} "GET /api/v1/auth/logout HTTP/1.1" 200 51 "undefined" "PostmanRuntime/7.43.0"
::1 -  [02/Dec/2024:16:36:19 +0000]  "GET /api/v1/auth/logout HTTP/1.1" 401 32 "undefined" "PostmanRuntime/7.43.0"
::1 -  [02/Dec/2024:16:36:22 +0000]  "POST /api/v1/auth/login HTTP/1.1" 200 114 "undefined" "PostmanRuntime/7.43.0"
::1 -  [02/Dec/2024:16:36:24 +0000] User: {"username":"admin","userId":"674ddb448291af6851633737","role":"admin"} "GET /api/v1/auth/logout HTTP/1.1" 200 51 "undefined" "PostmanRuntime/7.43.0"
